[07.05.2018 16:10:50] TypeError: guild.iconURL is not a function
    at Function.getGeneralData (/app/COPIEUR/objects/serializer.js:70:25)
    at Function.serializeOldGuild (/app/COPIEUR/objects/serializer.js:21:34)
    at Client.client.on (/app/COPIEUR/copy.js:43:36)
    at emitNone (events.js:110:20)
    at Client.emit (events.js:207:7)
    at WebSocketConnection.triggerReady (/app/node_modules/discord.js/src/client/websocket/WebSocketConnection.js:125:17)
    at WebSocketConnection.checkIfReady (/app/node_modules/discord.js/src/client/websocket/WebSocketConnection.js:141:61)
    at ReadyHandler.handle (/app/node_modules/discord.js/src/client/websocket/packets/handlers/Ready.js:79:8)
    at WebSocketPacketManager.handle (/app/node_modules/discord.js/src/client/websocket/packets/WebSocketPacketManager.js:103:65)
    at WebSocketConnection.onPacket (/app/node_modules/discord.js/src/client/websocket/WebSocketConnection.js:333:35)
[08.05.2018 11:32:23] Error: Cannot find module './save/guildData.json'
    at Function.Module._resolveFilename (module.js:489:15)
    at Function.Module._load (module.js:439:25)
    at Module.require (module.js:517:17)
    at require (internal/module.js:11:18)
    at Client.client.on (/app/COPIEUR/copy.js:29:25)
    at emitNone (events.js:110:20)
    at Client.emit (events.js:207:7)
    at WebSocketConnection.triggerReady (/app/COPIEUR/node_modules/discord.js/src/client/websocket/WebSocketConnection.js:114:17)
    at WebSocketConnection.checkIfReady (/app/COPIEUR/node_modules/discord.js/src/client/websocket/WebSocketConnection.js:130:61)
    at ReadyHandler.handle (/app/COPIEUR/node_modules/discord.js/src/client/websocket/packets/handlers/Ready.js:74:8)
[08.05.2018 11:35:03] Error: Cannot find module 'save/guildData.json'
    at Function.Module._resolveFilename (module.js:489:15)
    at Function.Module._load (module.js:439:25)
    at Module.require (module.js:517:17)
    at require (internal/module.js:11:18)
    at Client.client.on (/app/COPIEUR/copy.js:29:25)
    at emitNone (events.js:110:20)
    at Client.emit (events.js:207:7)
    at WebSocketConnection.triggerReady (/app/COPIEUR/node_modules/discord.js/src/client/websocket/WebSocketConnection.js:114:17)
    at WebSocketConnection.checkIfReady (/app/COPIEUR/node_modules/discord.js/src/client/websocket/WebSocketConnection.js:130:61)
    at ReadyHandler.handle (/app/COPIEUR/node_modules/discord.js/src/client/websocket/packets/handlers/Ready.js:74:8)
[08.05.2018 11:40:44] Error: Cannot find module './save/guildData.json'
    at Function.Module._resolveFilename (module.js:489:15)
    at Function.Module._load (module.js:439:25)
    at Module.require (module.js:517:17)
    at require (internal/module.js:11:18)
    at Client.client.on (/app/COPIEUR/copy.js:29:25)
    at emitNone (events.js:110:20)
    at Client.emit (events.js:207:7)
    at WebSocketConnection.triggerReady (/app/COPIEUR/node_modules/discord.js/src/client/websocket/WebSocketConnection.js:114:17)
    at WebSocketConnection.checkIfReady (/app/COPIEUR/node_modules/discord.js/src/client/websocket/WebSocketConnection.js:130:61)
    at ReadyHandler.handle (/app/COPIEUR/node_modules/discord.js/src/client/websocket/packets/handlers/Ready.js:74:8)
[08.05.2018 11:52:51] SyntaxError: /app/COPIEUR/guildData.json: Unexpected end of JSON input
    at JSON.parse (<anonymous>)
    at Object.Module._extensions..json (module.js:592:27)
    at Module.load (module.js:507:32)
    at tryModuleLoad (module.js:470:12)
    at Function.Module._load (module.js:462:3)
    at Module.require (module.js:517:17)
    at require (internal/module.js:11:18)
    at Client.client.on (/app/COPIEUR/copy.js:29:25)
    at emitNone (events.js:110:20)
    at Client.emit (events.js:207:7)
[08.05.2018 12:43:55] Error: Original guild to copy does not exist. Please check if the id in the settings is correct and if the bot is also member of this guild.
    at Client.client.on (/app/COPIEUR/copy.js:34:23)
    at emitNone (events.js:110:20)
    at Client.emit (events.js:207:7)
    at WebSocketConnection.triggerReady (/app/COPIEUR/node_modules/discord.js/src/client/websocket/WebSocketConnection.js:114:17)
    at WebSocketConnection.checkIfReady (/app/COPIEUR/node_modules/discord.js/src/client/websocket/WebSocketConnection.js:130:61)
    at ReadyHandler.handle (/app/COPIEUR/node_modules/discord.js/src/client/websocket/packets/handlers/Ready.js:74:8)
    at WebSocketPacketManager.handle (/app/COPIEUR/node_modules/discord.js/src/client/websocket/packets/WebSocketPacketManager.js:103:65)
    at WebSocketConnection.onPacket (/app/COPIEUR/node_modules/discord.js/src/client/websocket/WebSocketConnection.js:316:35)
    at WebSocketConnection.onMessage (/app/COPIEUR/node_modules/discord.js/src/client/websocket/WebSocketConnection.js:279:10)
    at WebSocketClient.internalOnMessage (/app/node_modules/uws/uws.js:103:17)
[08.05.2018 12:45:29] Error: Original guild to copy does not exist. Please check if the id in the settings is correct and if the bot is also member of this guild.
    at Client.client.on (/app/COPIEUR/copy.js:34:23)
    at emitNone (events.js:110:20)
    at Client.emit (events.js:207:7)
    at WebSocketConnection.triggerReady (/app/COPIEUR/node_modules/discord.js/src/client/websocket/WebSocketConnection.js:114:17)
    at WebSocketConnection.checkIfReady (/app/COPIEUR/node_modules/discord.js/src/client/websocket/WebSocketConnection.js:130:61)
    at ReadyHandler.handle (/app/COPIEUR/node_modules/discord.js/src/client/websocket/packets/handlers/Ready.js:74:8)
    at WebSocketPacketManager.handle (/app/COPIEUR/node_modules/discord.js/src/client/websocket/packets/WebSocketPacketManager.js:103:65)
    at WebSocketConnection.onPacket (/app/COPIEUR/node_modules/discord.js/src/client/websocket/WebSocketConnection.js:316:35)
    at WebSocketConnection.onMessage (/app/COPIEUR/node_modules/discord.js/src/client/websocket/WebSocketConnection.js:279:10)
    at WebSocketClient.internalOnMessage (/app/node_modules/uws/uws.js:103:17)
[08.05.2018 12:46:09] Error: Original guild to copy does not exist. Please check if the id in the settings is correct and if the bot is also member of this guild.
    at Client.client.on (/app/COPIEUR/copy.js:34:23)
    at emitNone (events.js:110:20)
    at Client.emit (events.js:207:7)
    at WebSocketConnection.triggerReady (/app/COPIEUR/node_modules/discord.js/src/client/websocket/WebSocketConnection.js:114:17)
    at WebSocketConnection.checkIfReady (/app/COPIEUR/node_modules/discord.js/src/client/websocket/WebSocketConnection.js:130:61)
    at ReadyHandler.handle (/app/COPIEUR/node_modules/discord.js/src/client/websocket/packets/handlers/Ready.js:74:8)
    at WebSocketPacketManager.handle (/app/COPIEUR/node_modules/discord.js/src/client/websocket/packets/WebSocketPacketManager.js:103:65)
    at WebSocketConnection.onPacket (/app/COPIEUR/node_modules/discord.js/src/client/websocket/WebSocketConnection.js:316:35)
    at WebSocketConnection.onMessage (/app/COPIEUR/node_modules/discord.js/src/client/websocket/WebSocketConnection.js:279:10)
    at WebSocketClient.internalOnMessage (/app/node_modules/uws/uws.js:103:17)
[08.05.2018 12:52:18] TypeError: Cannot read property 'id' of undefined
    at Client.client.on (/app/COPIEUR/copy.js:28:51)
    at emitNone (events.js:110:20)
    at Client.emit (events.js:207:7)
    at WebSocketConnection.triggerReady (/app/COPIEUR/node_modules/discord.js/src/client/websocket/WebSocketConnection.js:114:17)
    at WebSocketConnection.checkIfReady (/app/COPIEUR/node_modules/discord.js/src/client/websocket/WebSocketConnection.js:130:61)
    at ReadyHandler.handle (/app/COPIEUR/node_modules/discord.js/src/client/websocket/packets/handlers/Ready.js:74:8)
    at WebSocketPacketManager.handle (/app/COPIEUR/node_modules/discord.js/src/client/websocket/packets/WebSocketPacketManager.js:103:65)
    at WebSocketConnection.onPacket (/app/COPIEUR/node_modules/discord.js/src/client/websocket/WebSocketConnection.js:316:35)
    at WebSocketConnection.onMessage (/app/COPIEUR/node_modules/discord.js/src/client/websocket/WebSocketConnection.js:279:10)
    at WebSocketClient.internalOnMessage (/app/node_modules/uws/uws.js:103:17)
[08.05.2018 12:54:28] Error: Original guild to copy does not exist. Please check if the id in the settings is correct and if the bot is also member of this guild.
    at Client.client.on (/app/COPIEUR/copy.js:34:23)
    at emitNone (events.js:110:20)
    at Client.emit (events.js:207:7)
    at WebSocketConnection.triggerReady (/app/COPIEUR/node_modules/discord.js/src/client/websocket/WebSocketConnection.js:114:17)
    at WebSocketConnection.checkIfReady (/app/COPIEUR/node_modules/discord.js/src/client/websocket/WebSocketConnection.js:130:61)
    at ReadyHandler.handle (/app/COPIEUR/node_modules/discord.js/src/client/websocket/packets/handlers/Ready.js:74:8)
    at WebSocketPacketManager.handle (/app/COPIEUR/node_modules/discord.js/src/client/websocket/packets/WebSocketPacketManager.js:103:65)
    at WebSocketConnection.onPacket (/app/COPIEUR/node_modules/discord.js/src/client/websocket/WebSocketConnection.js:316:35)
    at WebSocketConnection.onMessage (/app/COPIEUR/node_modules/discord.js/src/client/websocket/WebSocketConnection.js:279:10)
    at WebSocketClient.internalOnMessage (/app/node_modules/uws/uws.js:103:17)
[08.05.2018 13:56:09] Error: You tried to copy bans without giving the bot the BAN_MEMBERS permissions on the original guild.
    at Client.client.on (/app/COPIEUR/copy.js:41:23)
    at <anonymous>
    at process._tickCallback (internal/process/next_tick.js:188:7)
[08.05.2018 14:07:34] TypeError: Cannot read property 'step' of undefined
    at Promise (/app/COPIEUR/objects/creator.js:64:38)
    at <anonymous>
    at process._tickCallback (internal/process/next_tick.js:188:7)
[08.05.2018 14:20:58] Error: You tried to copy bans without giving the bot the BAN_MEMBERS permissions on the original guild.
    at Client.client.on (/app/COPIEUR/copy.js:41:23)
    at <anonymous>
    at process._tickCallback (internal/process/next_tick.js:188:7)
[08.05.2018 23:38:21] Error: Please check if the new guild id in the settings is valid.
    at Function.validateSettings (/app/COPIEUR/objects/validator.js:20:30)
    at Client.client.on (/app/COPIEUR/copy.js:24:47)
    at emitNone (events.js:110:20)
    at Client.emit (events.js:207:7)
    at WebSocketConnection.triggerReady (/app/COPIEUR/node_modules/discord.js/src/client/websocket/WebSocketConnection.js:114:17)
    at WebSocketConnection.checkIfReady (/app/COPIEUR/node_modules/discord.js/src/client/websocket/WebSocketConnection.js:130:61)
    at GuildCreateHandler.handle (/app/COPIEUR/node_modules/discord.js/src/client/websocket/packets/handlers/GuildCreate.js:14:31)
    at WebSocketPacketManager.handle (/app/COPIEUR/node_modules/discord.js/src/client/websocket/packets/WebSocketPacketManager.js:103:65)
    at WebSocketConnection.onPacket (/app/COPIEUR/node_modules/discord.js/src/client/websocket/WebSocketConnection.js:316:35)
    at WebSocketConnection.onMessage (/app/COPIEUR/node_modules/discord.js/src/client/websocket/WebSocketConnection.js:279:10)
[08.05.2018 23:46:54] Error: New and old guild cannot be the same.
    at Function.validateSettings (/app/COPIEUR/objects/validator.js:18:51)
    at Client.client.on (/app/COPIEUR/copy.js:24:47)
    at emitNone (events.js:110:20)
    at Client.emit (events.js:207:7)
    at WebSocketConnection.triggerReady (/app/COPIEUR/node_modules/discord.js/src/client/websocket/WebSocketConnection.js:114:17)
    at WebSocketConnection.checkIfReady (/app/COPIEUR/node_modules/discord.js/src/client/websocket/WebSocketConnection.js:130:61)
    at GuildCreateHandler.handle (/app/COPIEUR/node_modules/discord.js/src/client/websocket/packets/handlers/GuildCreate.js:14:31)
    at WebSocketPacketManager.handle (/app/COPIEUR/node_modules/discord.js/src/client/websocket/packets/WebSocketPacketManager.js:103:65)
    at WebSocketConnection.onPacket (/app/COPIEUR/node_modules/discord.js/src/client/websocket/WebSocketConnection.js:316:35)
    at WebSocketConnection.onMessage (/app/COPIEUR/node_modules/discord.js/src/client/websocket/WebSocketConnection.js:279:10)
[08.05.2018 23:48:51] Error: New guild admin role id doesn't exist.
    at Function.validateSettings (/app/COPIEUR/objects/validator.js:34:39)
    at Client.client.on (/app/COPIEUR/copy.js:24:47)
    at emitNone (events.js:110:20)
    at Client.emit (events.js:207:7)
    at WebSocketConnection.triggerReady (/app/COPIEUR/node_modules/discord.js/src/client/websocket/WebSocketConnection.js:114:17)
    at WebSocketConnection.checkIfReady (/app/COPIEUR/node_modules/discord.js/src/client/websocket/WebSocketConnection.js:130:61)
    at GuildCreateHandler.handle (/app/COPIEUR/node_modules/discord.js/src/client/websocket/packets/handlers/GuildCreate.js:14:31)
    at WebSocketPacketManager.handle (/app/COPIEUR/node_modules/discord.js/src/client/websocket/packets/WebSocketPacketManager.js:103:65)
    at WebSocketConnection.onPacket (/app/COPIEUR/node_modules/discord.js/src/client/websocket/WebSocketConnection.js:316:35)
    at WebSocketConnection.onMessage (/app/COPIEUR/node_modules/discord.js/src/client/websocket/WebSocketConnection.js:279:10)
[09.05.2018 00:05:03] Error: New guild admin role id doesn't exist.
    at Function.validateSettings (/app/COPIEUR/objects/validator.js:34:39)
    at Client.client.on (/app/COPIEUR/copy.js:24:47)
    at emitNone (events.js:110:20)
    at Client.emit (events.js:207:7)
    at WebSocketConnection.triggerReady (/app/COPIEUR/node_modules/discord.js/src/client/websocket/WebSocketConnection.js:114:17)
    at WebSocketConnection.checkIfReady (/app/COPIEUR/node_modules/discord.js/src/client/websocket/WebSocketConnection.js:130:61)
    at GuildCreateHandler.handle (/app/COPIEUR/node_modules/discord.js/src/client/websocket/packets/handlers/GuildCreate.js:14:31)
    at WebSocketPacketManager.handle (/app/COPIEUR/node_modules/discord.js/src/client/websocket/packets/WebSocketPacketManager.js:103:65)
    at WebSocketConnection.onPacket (/app/COPIEUR/node_modules/discord.js/src/client/websocket/WebSocketConnection.js:316:35)
    at WebSocketConnection.onMessage (/app/COPIEUR/node_modules/discord.js/src/client/websocket/WebSocketConnection.js:279:10)
[09.05.2018 18:38:27] Error: Original guild to copy does not exist. Please check if the id in the settings is correct and if the bot is also member of this guild.
    at Client.client.on (/app/COPIEUR/copy.js:34:23)
    at emitNone (events.js:110:20)
    at Client.emit (events.js:207:7)
    at WebSocketConnection.triggerReady (/app/COPIEUR/node_modules/discord.js/src/client/websocket/WebSocketConnection.js:114:17)
    at WebSocketConnection.checkIfReady (/app/COPIEUR/node_modules/discord.js/src/client/websocket/WebSocketConnection.js:130:61)
    at GuildCreateHandler.handle (/app/COPIEUR/node_modules/discord.js/src/client/websocket/packets/handlers/GuildCreate.js:14:31)
    at WebSocketPacketManager.handle (/app/COPIEUR/node_modules/discord.js/src/client/websocket/packets/WebSocketPacketManager.js:103:65)
    at WebSocketConnection.onPacket (/app/COPIEUR/node_modules/discord.js/src/client/websocket/WebSocketConnection.js:316:35)
    at WebSocketConnection.onMessage (/app/COPIEUR/node_modules/discord.js/src/client/websocket/WebSocketConnection.js:279:10)
    at WebSocketClient.internalOnMessage (/app/node_modules/uws/uws.js:103:17)
[09.05.2018 18:39:59] Error: Original guild to copy does not exist. Please check if the id in the settings is correct and if the bot is also member of this guild.
    at Client.client.on (/app/COPIEUR/copy.js:34:23)
    at emitNone (events.js:110:20)
    at Client.emit (events.js:207:7)
    at WebSocketConnection.triggerReady (/app/COPIEUR/node_modules/discord.js/src/client/websocket/WebSocketConnection.js:114:17)
    at WebSocketConnection.checkIfReady (/app/COPIEUR/node_modules/discord.js/src/client/websocket/WebSocketConnection.js:130:61)
    at GuildCreateHandler.handle (/app/COPIEUR/node_modules/discord.js/src/client/websocket/packets/handlers/GuildCreate.js:14:31)
    at WebSocketPacketManager.handle (/app/COPIEUR/node_modules/discord.js/src/client/websocket/packets/WebSocketPacketManager.js:103:65)
    at WebSocketConnection.onPacket (/app/COPIEUR/node_modules/discord.js/src/client/websocket/WebSocketConnection.js:316:35)
    at WebSocketConnection.onMessage (/app/COPIEUR/node_modules/discord.js/src/client/websocket/WebSocketConnection.js:279:10)
    at WebSocketClient.internalOnMessage (/app/node_modules/uws/uws.js:103:17)
[12.05.2018 11:12:38] Error: Please check if the new guild id in the settings is valid.
    at Function.validateSettings (/app/COPIEUR/objects/validator.js:20:30)
    at Client.client.on (/app/COPIEUR/copy.js:24:47)
    at emitNone (events.js:110:20)
    at Client.emit (events.js:207:7)
    at WebSocketConnection.triggerReady (/app/COPIEUR/node_modules/discord.js/src/client/websocket/WebSocketConnection.js:114:17)
    at WebSocketConnection.checkIfReady (/app/COPIEUR/node_modules/discord.js/src/client/websocket/WebSocketConnection.js:130:61)
    at GuildCreateHandler.handle (/app/COPIEUR/node_modules/discord.js/src/client/websocket/packets/handlers/GuildCreate.js:14:31)
    at WebSocketPacketManager.handle (/app/COPIEUR/node_modules/discord.js/src/client/websocket/packets/WebSocketPacketManager.js:103:65)
    at WebSocketConnection.onPacket (/app/COPIEUR/node_modules/discord.js/src/client/websocket/WebSocketConnection.js:316:35)
    at WebSocketConnection.onMessage (/app/COPIEUR/node_modules/discord.js/src/client/websocket/WebSocketConnection.js:279:10)
[12.05.2018 11:13:10] Error: Please check if the new guild id in the settings is valid.
    at Function.validateSettings (/app/COPIEUR/objects/validator.js:20:30)
    at Client.client.on (/app/COPIEUR/copy.js:24:47)
    at emitNone (events.js:110:20)
    at Client.emit (events.js:207:7)
    at WebSocketConnection.triggerReady (/app/COPIEUR/node_modules/discord.js/src/client/websocket/WebSocketConnection.js:114:17)
    at WebSocketConnection.checkIfReady (/app/COPIEUR/node_modules/discord.js/src/client/websocket/WebSocketConnection.js:130:61)
    at GuildCreateHandler.handle (/app/COPIEUR/node_modules/discord.js/src/client/websocket/packets/handlers/GuildCreate.js:14:31)
    at WebSocketPacketManager.handle (/app/COPIEUR/node_modules/discord.js/src/client/websocket/packets/WebSocketPacketManager.js:103:65)
    at WebSocketConnection.onPacket (/app/COPIEUR/node_modules/discord.js/src/client/websocket/WebSocketConnection.js:316:35)
    at WebSocketConnection.onMessage (/app/COPIEUR/node_modules/discord.js/src/client/websocket/WebSocketConnection.js:279:10)
[12.05.2018 11:15:06] Error: New guild admin role id doesn't exist.
    at Function.validateSettings (/app/COPIEUR/objects/validator.js:34:39)
    at Client.client.on (/app/COPIEUR/copy.js:24:47)
    at emitNone (events.js:110:20)
    at Client.emit (events.js:207:7)
    at WebSocketConnection.triggerReady (/app/COPIEUR/node_modules/discord.js/src/client/websocket/WebSocketConnection.js:114:17)
    at WebSocketConnection.checkIfReady (/app/COPIEUR/node_modules/discord.js/src/client/websocket/WebSocketConnection.js:130:61)
    at GuildCreateHandler.handle (/app/COPIEUR/node_modules/discord.js/src/client/websocket/packets/handlers/GuildCreate.js:14:31)
    at WebSocketPacketManager.handle (/app/COPIEUR/node_modules/discord.js/src/client/websocket/packets/WebSocketPacketManager.js:103:65)
    at WebSocketConnection.onPacket (/app/COPIEUR/node_modules/discord.js/src/client/websocket/WebSocketConnection.js:316:35)
    at WebSocketConnection.onMessage (/app/COPIEUR/node_modules/discord.js/src/client/websocket/WebSocketConnection.js:279:10)
[12.05.2018 11:16:30] Error: New guild admin role id doesn't exist.
    at Function.validateSettings (/app/COPIEUR/objects/validator.js:34:39)
    at Client.client.on (/app/COPIEUR/copy.js:24:47)
    at emitNone (events.js:110:20)
    at Client.emit (events.js:207:7)
    at WebSocketConnection.triggerReady (/app/COPIEUR/node_modules/discord.js/src/client/websocket/WebSocketConnection.js:114:17)
    at WebSocketConnection.checkIfReady (/app/COPIEUR/node_modules/discord.js/src/client/websocket/WebSocketConnection.js:130:61)
    at GuildCreateHandler.handle (/app/COPIEUR/node_modules/discord.js/src/client/websocket/packets/handlers/GuildCreate.js:14:31)
    at WebSocketPacketManager.handle (/app/COPIEUR/node_modules/discord.js/src/client/websocket/packets/WebSocketPacketManager.js:103:65)
    at WebSocketConnection.onPacket (/app/COPIEUR/node_modules/discord.js/src/client/websocket/WebSocketConnection.js:316:35)
    at WebSocketConnection.onMessage (/app/COPIEUR/node_modules/discord.js/src/client/websocket/WebSocketConnection.js:279:10)
[12.05.2018 11:18:08] Error: New guild admin role id doesn't exist.
    at Function.validateSettings (/app/COPIEUR/objects/validator.js:34:39)
    at Client.client.on (/app/COPIEUR/copy.js:24:47)
    at emitNone (events.js:110:20)
    at Client.emit (events.js:207:7)
    at WebSocketConnection.triggerReady (/app/COPIEUR/node_modules/discord.js/src/client/websocket/WebSocketConnection.js:114:17)
    at WebSocketConnection.checkIfReady (/app/COPIEUR/node_modules/discord.js/src/client/websocket/WebSocketConnection.js:130:61)
    at GuildCreateHandler.handle (/app/COPIEUR/node_modules/discord.js/src/client/websocket/packets/handlers/GuildCreate.js:14:31)
    at WebSocketPacketManager.handle (/app/COPIEUR/node_modules/discord.js/src/client/websocket/packets/WebSocketPacketManager.js:103:65)
    at WebSocketConnection.onPacket (/app/COPIEUR/node_modules/discord.js/src/client/websocket/WebSocketConnection.js:316:35)
    at WebSocketConnection.onMessage (/app/COPIEUR/node_modules/discord.js/src/client/websocket/WebSocketConnection.js:279:10)
[12.05.2018 11:19:25] Error: New guild admin role id doesn't exist.
    at Function.validateSettings (/app/COPIEUR/objects/validator.js:34:39)
    at Client.client.on (/app/COPIEUR/copy.js:24:47)
    at emitNone (events.js:110:20)
    at Client.emit (events.js:207:7)
    at WebSocketConnection.triggerReady (/app/COPIEUR/node_modules/discord.js/src/client/websocket/WebSocketConnection.js:114:17)
    at WebSocketConnection.checkIfReady (/app/COPIEUR/node_modules/discord.js/src/client/websocket/WebSocketConnection.js:130:61)
    at GuildCreateHandler.handle (/app/COPIEUR/node_modules/discord.js/src/client/websocket/packets/handlers/GuildCreate.js:14:31)
    at WebSocketPacketManager.handle (/app/COPIEUR/node_modules/discord.js/src/client/websocket/packets/WebSocketPacketManager.js:103:65)
    at WebSocketConnection.onPacket (/app/COPIEUR/node_modules/discord.js/src/client/websocket/WebSocketConnection.js:316:35)
    at WebSocketConnection.onMessage (/app/COPIEUR/node_modules/discord.js/src/client/websocket/WebSocketConnection.js:279:10)
[12.05.2018 11:20:20] Error: New guild admin role id doesn't exist.
    at Function.validateSettings (/app/COPIEUR/objects/validator.js:34:39)
    at Client.client.on (/app/COPIEUR/copy.js:24:47)
    at emitNone (events.js:110:20)
    at Client.emit (events.js:207:7)
    at WebSocketConnection.triggerReady (/app/COPIEUR/node_modules/discord.js/src/client/websocket/WebSocketConnection.js:114:17)
    at WebSocketConnection.checkIfReady (/app/COPIEUR/node_modules/discord.js/src/client/websocket/WebSocketConnection.js:130:61)
    at GuildCreateHandler.handle (/app/COPIEUR/node_modules/discord.js/src/client/websocket/packets/handlers/GuildCreate.js:14:31)
    at WebSocketPacketManager.handle (/app/COPIEUR/node_modules/discord.js/src/client/websocket/packets/WebSocketPacketManager.js:103:65)
    at WebSocketConnection.onPacket (/app/COPIEUR/node_modules/discord.js/src/client/websocket/WebSocketConnection.js:316:35)
    at WebSocketConnection.onMessage (/app/COPIEUR/node_modules/discord.js/src/client/websocket/WebSocketConnection.js:279:10)
[12.05.2018 11:24:28] Error: The guildcopy role has to be the highest role on the target guild.
    at Function.validateSettings (/app/COPIEUR/objects/validator.js:37:60)
    at Client.client.on (/app/COPIEUR/copy.js:24:47)
    at emitNone (events.js:110:20)
    at Client.emit (events.js:207:7)
    at WebSocketConnection.triggerReady (/app/COPIEUR/node_modules/discord.js/src/client/websocket/WebSocketConnection.js:114:17)
    at WebSocketConnection.checkIfReady (/app/COPIEUR/node_modules/discord.js/src/client/websocket/WebSocketConnection.js:130:61)
    at GuildCreateHandler.handle (/app/COPIEUR/node_modules/discord.js/src/client/websocket/packets/handlers/GuildCreate.js:14:31)
    at WebSocketPacketManager.handle (/app/COPIEUR/node_modules/discord.js/src/client/websocket/packets/WebSocketPacketManager.js:103:65)
    at WebSocketConnection.onPacket (/app/COPIEUR/node_modules/discord.js/src/client/websocket/WebSocketConnection.js:316:35)
    at WebSocketConnection.onMessage (/app/COPIEUR/node_modules/discord.js/src/client/websocket/WebSocketConnection.js:279:10)
[13.05.2018 15:19:39] Error: The guildcopy role has to be the highest role on the target guild.
    at Function.validateSettings (/app/COPIEUR/objects/validator.js:37:60)
    at Client.client.on (/app/COPIEUR/copy.js:24:47)
    at emitNone (events.js:110:20)
    at Client.emit (events.js:207:7)
    at WebSocketConnection.triggerReady (/app/COPIEUR/node_modules/discord.js/src/client/websocket/WebSocketConnection.js:114:17)
    at WebSocketConnection.checkIfReady (/app/COPIEUR/node_modules/discord.js/src/client/websocket/WebSocketConnection.js:130:61)
    at GuildCreateHandler.handle (/app/COPIEUR/node_modules/discord.js/src/client/websocket/packets/handlers/GuildCreate.js:14:31)
    at WebSocketPacketManager.handle (/app/COPIEUR/node_modules/discord.js/src/client/websocket/packets/WebSocketPacketManager.js:103:65)
    at WebSocketConnection.onPacket (/app/COPIEUR/node_modules/discord.js/src/client/websocket/WebSocketConnection.js:316:35)
    at WebSocketConnection.onMessage (/app/COPIEUR/node_modules/discord.js/src/client/websocket/WebSocketConnection.js:279:10)
[14.05.2018 15:05:52] TypeError: "" is not a function
    at Promise (/app/COPIEUR/objects/creator.js:378:78)
    at Promise (<anonymous>)
    at Function.finalize (/app/COPIEUR/objects/creator.js:370:16)
    at Promise (/app/COPIEUR/objects/creator.js:63:40)
    at <anonymous>
    at process._tickCallback (internal/process/next_tick.js:188:7)
[19.05.2018 21:31:06] Error: The guildcopy role has to be the highest role on the target guild.
    at Function.validateSettings (/app/COPIEUR/objects/validator.js:37:60)
    at Client.client.on (/app/COPIEUR/copy.js:24:47)
    at emitNone (events.js:110:20)
    at Client.emit (events.js:207:7)
    at WebSocketConnection.triggerReady (/app/COPIEUR/node_modules/discord.js/src/client/websocket/WebSocketConnection.js:114:17)
    at WebSocketConnection.checkIfReady (/app/COPIEUR/node_modules/discord.js/src/client/websocket/WebSocketConnection.js:130:61)
    at GuildCreateHandler.handle (/app/COPIEUR/node_modules/discord.js/src/client/websocket/packets/handlers/GuildCreate.js:14:31)
    at WebSocketPacketManager.handle (/app/COPIEUR/node_modules/discord.js/src/client/websocket/packets/WebSocketPacketManager.js:103:65)
    at WebSocketConnection.onPacket (/app/COPIEUR/node_modules/discord.js/src/client/websocket/WebSocketConnection.js:316:35)
    at WebSocketConnection.onMessage (/app/COPIEUR/node_modules/discord.js/src/client/websocket/WebSocketConnection.js:279:10)
[23.05.2018 14:55:46] Error: The guildcopy role has to be the highest role on the target guild.
    at Function.validateSettings (/app/COPIEUR/objects/validator.js:37:60)
    at Client.client.on (/app/COPIEUR/copy.js:24:47)
    at emitNone (events.js:110:20)
    at Client.emit (events.js:207:7)
    at WebSocketConnection.triggerReady (/app/COPIEUR/node_modules/discord.js/src/client/websocket/WebSocketConnection.js:114:17)
    at WebSocketConnection.checkIfReady (/app/COPIEUR/node_modules/discord.js/src/client/websocket/WebSocketConnection.js:130:61)
    at GuildCreateHandler.handle (/app/COPIEUR/node_modules/discord.js/src/client/websocket/packets/handlers/GuildCreate.js:14:31)
    at WebSocketPacketManager.handle (/app/COPIEUR/node_modules/discord.js/src/client/websocket/packets/WebSocketPacketManager.js:103:65)
    at WebSocketConnection.onPacket (/app/COPIEUR/node_modules/discord.js/src/client/websocket/WebSocketConnection.js:316:35)
    at WebSocketConnection.onMessage (/app/COPIEUR/node_modules/discord.js/src/client/websocket/WebSocketConnection.js:279:10)
[09.06.2018 21:27:04] Error: New guild admin role id doesn't exist.
    at Function.validateSettings (/app/COPIEUR/objects/validator.js:34:39)
    at Client.client.on (/app/COPIEUR/copy.js:24:47)
    at emitNone (events.js:110:20)
    at Client.emit (events.js:207:7)
    at WebSocketConnection.triggerReady (/app/COPIEUR/node_modules/discord.js/src/client/websocket/WebSocketConnection.js:114:17)
    at WebSocketConnection.checkIfReady (/app/COPIEUR/node_modules/discord.js/src/client/websocket/WebSocketConnection.js:130:61)
    at GuildCreateHandler.handle (/app/COPIEUR/node_modules/discord.js/src/client/websocket/packets/handlers/GuildCreate.js:14:31)
    at WebSocketPacketManager.handle (/app/COPIEUR/node_modules/discord.js/src/client/websocket/packets/WebSocketPacketManager.js:103:65)
    at WebSocketConnection.onPacket (/app/COPIEUR/node_modules/discord.js/src/client/websocket/WebSocketConnection.js:316:35)
    at WebSocketConnection.onMessage (/app/COPIEUR/node_modules/discord.js/src/client/websocket/WebSocketConnection.js:279:10)
[14.06.2018 16:06:15] Error: The guildcopy role has to be the highest role on the target guild.
    at Function.validateSettings (/app/COPIEUR/objects/validator.js:37:60)
    at Client.client.on (/app/COPIEUR/copy.js:24:47)
    at emitNone (events.js:110:20)
    at Client.emit (events.js:207:7)
    at WebSocketConnection.triggerReady (/app/COPIEUR/node_modules/discord.js/src/client/websocket/WebSocketConnection.js:114:17)
    at WebSocketConnection.checkIfReady (/app/COPIEUR/node_modules/discord.js/src/client/websocket/WebSocketConnection.js:130:61)
    at GuildCreateHandler.handle (/app/COPIEUR/node_modules/discord.js/src/client/websocket/packets/handlers/GuildCreate.js:14:31)
    at WebSocketPacketManager.handle (/app/COPIEUR/node_modules/discord.js/src/client/websocket/packets/WebSocketPacketManager.js:103:65)
    at WebSocketConnection.onPacket (/app/COPIEUR/node_modules/discord.js/src/client/websocket/WebSocketConnection.js:316:35)
    at WebSocketConnection.onMessage (/app/COPIEUR/node_modules/discord.js/src/client/websocket/WebSocketConnection.js:279:10)
[14.06.2018 16:13:21] Error: New guild admin role doesn't have administrator permissions.
    at Function.validateSettings (/app/COPIEUR/objects/validator.js:35:72)
    at Client.client.on (/app/COPIEUR/copy.js:24:47)
    at emitNone (events.js:110:20)
    at Client.emit (events.js:207:7)
    at WebSocketConnection.triggerReady (/app/COPIEUR/node_modules/discord.js/src/client/websocket/WebSocketConnection.js:114:17)
    at WebSocketConnection.checkIfReady (/app/COPIEUR/node_modules/discord.js/src/client/websocket/WebSocketConnection.js:130:61)
    at GuildCreateHandler.handle (/app/COPIEUR/node_modules/discord.js/src/client/websocket/packets/handlers/GuildCreate.js:14:31)
    at WebSocketPacketManager.handle (/app/COPIEUR/node_modules/discord.js/src/client/websocket/packets/WebSocketPacketManager.js:103:65)
    at WebSocketConnection.onPacket (/app/COPIEUR/node_modules/discord.js/src/client/websocket/WebSocketConnection.js:316:35)
    at WebSocketConnection.onMessage (/app/COPIEUR/node_modules/discord.js/src/client/websocket/WebSocketConnection.js:279:10)
[14.06.2018 16:14:49] Error: New guild admin role doesn't have administrator permissions.
    at Function.validateSettings (/app/COPIEUR/objects/validator.js:35:72)
    at Client.client.on (/app/COPIEUR/copy.js:24:47)
    at emitNone (events.js:110:20)
    at Client.emit (events.js:207:7)
    at WebSocketConnection.triggerReady (/app/COPIEUR/node_modules/discord.js/src/client/websocket/WebSocketConnection.js:114:17)
    at WebSocketConnection.checkIfReady (/app/COPIEUR/node_modules/discord.js/src/client/websocket/WebSocketConnection.js:130:61)
    at GuildCreateHandler.handle (/app/COPIEUR/node_modules/discord.js/src/client/websocket/packets/handlers/GuildCreate.js:14:31)
    at WebSocketPacketManager.handle (/app/COPIEUR/node_modules/discord.js/src/client/websocket/packets/WebSocketPacketManager.js:103:65)
    at WebSocketConnection.onPacket (/app/COPIEUR/node_modules/discord.js/src/client/websocket/WebSocketConnection.js:316:35)
    at WebSocketConnection.onMessage (/app/COPIEUR/node_modules/discord.js/src/client/websocket/WebSocketConnection.js:279:10)
[14.06.2018 16:57:40] Error: The guildcopy role has to be the highest role on the target guild.
    at Function.validateSettings (/app/COPIEUR/objects/validator.js:37:60)
    at Client.client.on (/app/COPIEUR/copy.js:24:47)
    at emitNone (events.js:110:20)
    at Client.emit (events.js:207:7)
    at WebSocketConnection.triggerReady (/app/COPIEUR/node_modules/discord.js/src/client/websocket/WebSocketConnection.js:114:17)
    at WebSocketConnection.checkIfReady (/app/COPIEUR/node_modules/discord.js/src/client/websocket/WebSocketConnection.js:130:61)
    at GuildCreateHandler.handle (/app/COPIEUR/node_modules/discord.js/src/client/websocket/packets/handlers/GuildCreate.js:14:31)
    at WebSocketPacketManager.handle (/app/COPIEUR/node_modules/discord.js/src/client/websocket/packets/WebSocketPacketManager.js:103:65)
    at WebSocketConnection.onPacket (/app/COPIEUR/node_modules/discord.js/src/client/websocket/WebSocketConnection.js:316:35)
    at WebSocketConnection.onMessage (/app/COPIEUR/node_modules/discord.js/src/client/websocket/WebSocketConnection.js:279:10)
[16.06.2018 15:32:33] Error: Original guild to copy does not exist. Please check if the id in the settings is correct and if the bot is also member of this guild.
    at Client.client.on (/app/COPIEUR/copy.js:34:23)
    at emitNone (events.js:110:20)
    at Client.emit (events.js:207:7)
    at WebSocketConnection.triggerReady (/app/COPIEUR/node_modules/discord.js/src/client/websocket/WebSocketConnection.js:114:17)
    at WebSocketConnection.checkIfReady (/app/COPIEUR/node_modules/discord.js/src/client/websocket/WebSocketConnection.js:130:61)
    at ReadyHandler.handle (/app/COPIEUR/node_modules/discord.js/src/client/websocket/packets/handlers/Ready.js:74:8)
    at WebSocketPacketManager.handle (/app/COPIEUR/node_modules/discord.js/src/client/websocket/packets/WebSocketPacketManager.js:103:65)
    at WebSocketConnection.onPacket (/app/COPIEUR/node_modules/discord.js/src/client/websocket/WebSocketConnection.js:316:35)
    at WebSocketConnection.onMessage (/app/COPIEUR/node_modules/discord.js/src/client/websocket/WebSocketConnection.js:279:10)
    at WebSocketClient.internalOnMessage (/app/node_modules/uws/uws.js:103:17)
[16.06.2018 15:33:14] Error: Original guild to copy does not exist. Please check if the id in the settings is correct and if the bot is also member of this guild.
    at Client.client.on (/app/COPIEUR/copy.js:34:23)
    at emitNone (events.js:110:20)
    at Client.emit (events.js:207:7)
    at WebSocketConnection.triggerReady (/app/COPIEUR/node_modules/discord.js/src/client/websocket/WebSocketConnection.js:114:17)
    at WebSocketConnection.checkIfReady (/app/COPIEUR/node_modules/discord.js/src/client/websocket/WebSocketConnection.js:130:61)
    at ReadyHandler.handle (/app/COPIEUR/node_modules/discord.js/src/client/websocket/packets/handlers/Ready.js:74:8)
    at WebSocketPacketManager.handle (/app/COPIEUR/node_modules/discord.js/src/client/websocket/packets/WebSocketPacketManager.js:103:65)
    at WebSocketConnection.onPacket (/app/COPIEUR/node_modules/discord.js/src/client/websocket/WebSocketConnection.js:316:35)
    at WebSocketConnection.onMessage (/app/COPIEUR/node_modules/discord.js/src/client/websocket/WebSocketConnection.js:279:10)
    at WebSocketClient.internalOnMessage (/app/node_modules/uws/uws.js:103:17)
[16.06.2018 15:36:50] Error: Please check if the new guild id in the settings is valid.
    at Function.validateSettings (/app/COPIEUR/objects/validator.js:20:30)
    at Client.client.on (/app/COPIEUR/copy.js:24:47)
    at emitNone (events.js:110:20)
    at Client.emit (events.js:207:7)
    at WebSocketConnection.triggerReady (/app/COPIEUR/node_modules/discord.js/src/client/websocket/WebSocketConnection.js:114:17)
    at WebSocketConnection.checkIfReady (/app/COPIEUR/node_modules/discord.js/src/client/websocket/WebSocketConnection.js:130:61)
    at GuildCreateHandler.handle (/app/COPIEUR/node_modules/discord.js/src/client/websocket/packets/handlers/GuildCreate.js:14:31)
    at WebSocketPacketManager.handle (/app/COPIEUR/node_modules/discord.js/src/client/websocket/packets/WebSocketPacketManager.js:103:65)
    at WebSocketConnection.onPacket (/app/COPIEUR/node_modules/discord.js/src/client/websocket/WebSocketConnection.js:316:35)
    at WebSocketConnection.onMessage (/app/COPIEUR/node_modules/discord.js/src/client/websocket/WebSocketConnection.js:279:10)
[16.06.2018 15:42:56] Error: Please check if the new guild id in the settings is valid.
    at Function.validateSettings (/app/COPIEUR/objects/validator.js:20:30)
    at Client.client.on (/app/COPIEUR/copy.js:24:47)
    at emitNone (events.js:110:20)
    at Client.emit (events.js:207:7)
    at WebSocketConnection.triggerReady (/app/COPIEUR/node_modules/discord.js/src/client/websocket/WebSocketConnection.js:114:17)
    at WebSocketConnection.checkIfReady (/app/COPIEUR/node_modules/discord.js/src/client/websocket/WebSocketConnection.js:130:61)
    at GuildCreateHandler.handle (/app/COPIEUR/node_modules/discord.js/src/client/websocket/packets/handlers/GuildCreate.js:14:31)
    at WebSocketPacketManager.handle (/app/COPIEUR/node_modules/discord.js/src/client/websocket/packets/WebSocketPacketManager.js:103:65)
    at WebSocketConnection.onPacket (/app/COPIEUR/node_modules/discord.js/src/client/websocket/WebSocketConnection.js:316:35)
    at WebSocketConnection.onMessage (/app/COPIEUR/node_modules/discord.js/src/client/websocket/WebSocketConnection.js:279:10)
[16.06.2018 15:47:35] Error: Please check if the new guild id in the settings is valid.
    at Function.validateSettings (/app/COPIEUR/objects/validator.js:20:30)
    at Client.client.on (/app/COPIEUR/copy.js:24:47)
    at emitNone (events.js:110:20)
    at Client.emit (events.js:207:7)
    at WebSocketConnection.triggerReady (/app/COPIEUR/node_modules/discord.js/src/client/websocket/WebSocketConnection.js:114:17)
    at WebSocketConnection.checkIfReady (/app/COPIEUR/node_modules/discord.js/src/client/websocket/WebSocketConnection.js:130:61)
    at GuildCreateHandler.handle (/app/COPIEUR/node_modules/discord.js/src/client/websocket/packets/handlers/GuildCreate.js:14:31)
    at WebSocketPacketManager.handle (/app/COPIEUR/node_modules/discord.js/src/client/websocket/packets/WebSocketPacketManager.js:103:65)
    at WebSocketConnection.onPacket (/app/COPIEUR/node_modules/discord.js/src/client/websocket/WebSocketConnection.js:316:35)
    at WebSocketConnection.onMessage (/app/COPIEUR/node_modules/discord.js/src/client/websocket/WebSocketConnection.js:279:10)
[16.06.2018 15:51:14] Error: Please check if the new guild id in the settings is valid.
    at Function.validateSettings (/app/COPIEUR/objects/validator.js:20:30)
    at Client.client.on (/app/COPIEUR/copy.js:24:47)
    at emitNone (events.js:110:20)
    at Client.emit (events.js:207:7)
    at WebSocketConnection.triggerReady (/app/COPIEUR/node_modules/discord.js/src/client/websocket/WebSocketConnection.js:114:17)
    at WebSocketConnection.checkIfReady (/app/COPIEUR/node_modules/discord.js/src/client/websocket/WebSocketConnection.js:130:61)
    at GuildCreateHandler.handle (/app/COPIEUR/node_modules/discord.js/src/client/websocket/packets/handlers/GuildCreate.js:14:31)
    at WebSocketPacketManager.handle (/app/COPIEUR/node_modules/discord.js/src/client/websocket/packets/WebSocketPacketManager.js:103:65)
    at WebSocketConnection.onPacket (/app/COPIEUR/node_modules/discord.js/src/client/websocket/WebSocketConnection.js:316:35)
    at WebSocketConnection.onMessage (/app/COPIEUR/node_modules/discord.js/src/client/websocket/WebSocketConnection.js:279:10)
[16.06.2018 15:52:38] Error: Please check if the new guild id in the settings is valid.
    at Function.validateSettings (/app/COPIEUR/objects/validator.js:20:30)
    at Client.client.on (/app/COPIEUR/copy.js:24:47)
    at emitNone (events.js:110:20)
    at Client.emit (events.js:207:7)
    at WebSocketConnection.triggerReady (/app/COPIEUR/node_modules/discord.js/src/client/websocket/WebSocketConnection.js:114:17)
    at WebSocketConnection.checkIfReady (/app/COPIEUR/node_modules/discord.js/src/client/websocket/WebSocketConnection.js:130:61)
    at GuildCreateHandler.handle (/app/COPIEUR/node_modules/discord.js/src/client/websocket/packets/handlers/GuildCreate.js:14:31)
    at WebSocketPacketManager.handle (/app/COPIEUR/node_modules/discord.js/src/client/websocket/packets/WebSocketPacketManager.js:103:65)
    at WebSocketConnection.onPacket (/app/COPIEUR/node_modules/discord.js/src/client/websocket/WebSocketConnection.js:316:35)
    at WebSocketConnection.onMessage (/app/COPIEUR/node_modules/discord.js/src/client/websocket/WebSocketConnection.js:279:10)
[26.06.2018 13:43:59] Error: New guild admin role id doesn't exist.
    at Function.validateSettings (/app/COPIEUR/objects/validator.js:34:39)
    at Client.client.on (/app/COPIEUR/copy.js:24:47)
    at emitNone (events.js:110:20)
    at Client.emit (events.js:207:7)
    at WebSocketConnection.triggerReady (/app/COPIEUR/node_modules/discord.js/src/client/websocket/WebSocketConnection.js:114:17)
    at WebSocketConnection.checkIfReady (/app/COPIEUR/node_modules/discord.js/src/client/websocket/WebSocketConnection.js:130:61)
    at GuildCreateHandler.handle (/app/COPIEUR/node_modules/discord.js/src/client/websocket/packets/handlers/GuildCreate.js:14:31)
    at WebSocketPacketManager.handle (/app/COPIEUR/node_modules/discord.js/src/client/websocket/packets/WebSocketPacketManager.js:103:65)
    at WebSocketConnection.onPacket (/app/COPIEUR/node_modules/discord.js/src/client/websocket/WebSocketConnection.js:316:35)
    at WebSocketConnection.onMessage (/app/COPIEUR/node_modules/discord.js/src/client/websocket/WebSocketConnection.js:279:10)
[26.06.2018 13:45:22] Error: The guildcopy role has to be the highest role on the target guild.
    at Function.validateSettings (/app/COPIEUR/objects/validator.js:37:60)
    at Client.client.on (/app/COPIEUR/copy.js:24:47)
    at emitNone (events.js:110:20)
    at Client.emit (events.js:207:7)
    at WebSocketConnection.triggerReady (/app/COPIEUR/node_modules/discord.js/src/client/websocket/WebSocketConnection.js:114:17)
    at WebSocketConnection.checkIfReady (/app/COPIEUR/node_modules/discord.js/src/client/websocket/WebSocketConnection.js:130:61)
    at GuildCreateHandler.handle (/app/COPIEUR/node_modules/discord.js/src/client/websocket/packets/handlers/GuildCreate.js:14:31)
    at WebSocketPacketManager.handle (/app/COPIEUR/node_modules/discord.js/src/client/websocket/packets/WebSocketPacketManager.js:103:65)
    at WebSocketConnection.onPacket (/app/COPIEUR/node_modules/discord.js/src/client/websocket/WebSocketConnection.js:316:35)
    at WebSocketConnection.onMessage (/app/COPIEUR/node_modules/discord.js/src/client/websocket/WebSocketConnection.js:279:10)
[26.06.2018 13:46:07] Error: The guildcopy role has to be the highest role on the target guild.
    at Function.validateSettings (/app/COPIEUR/objects/validator.js:37:60)
    at Client.client.on (/app/COPIEUR/copy.js:24:47)
    at emitNone (events.js:110:20)
    at Client.emit (events.js:207:7)
    at WebSocketConnection.triggerReady (/app/COPIEUR/node_modules/discord.js/src/client/websocket/WebSocketConnection.js:114:17)
    at WebSocketConnection.checkIfReady (/app/COPIEUR/node_modules/discord.js/src/client/websocket/WebSocketConnection.js:130:61)
    at GuildCreateHandler.handle (/app/COPIEUR/node_modules/discord.js/src/client/websocket/packets/handlers/GuildCreate.js:14:31)
    at WebSocketPacketManager.handle (/app/COPIEUR/node_modules/discord.js/src/client/websocket/packets/WebSocketPacketManager.js:103:65)
    at WebSocketConnection.onPacket (/app/COPIEUR/node_modules/discord.js/src/client/websocket/WebSocketConnection.js:316:35)
    at WebSocketConnection.onMessage (/app/COPIEUR/node_modules/discord.js/src/client/websocket/WebSocketConnection.js:279:10)
[26.06.2018 13:59:09] DiscordAPIError: Unknown Guild
    at item.request.gen.end (/app/COPIEUR/node_modules/discord.js/src/rest/handlers/RequestHandler.js:84:15)
    at then (/app/COPIEUR/node_modules/snekfetch/src/index.js:215:21)
    at <anonymous>
    at process._tickCallback (internal/process/next_tick.js:188:7)
