[07.05.2018 13:28:34] TypeError: guild.iconURL is not a function
    at Function.getGeneralData (/app/objects/serializer.js:70:25)
    at Function.serializeOldGuild (/app/objects/serializer.js:21:34)
    at Client.client.on (/app/copy.js:43:36)
    at emitNone (events.js:110:20)
    at Client.emit (events.js:207:7)
    at WebSocketConnection.triggerReady (/app/node_modules/discord.js/src/client/websocket/WebSocketConnection.js:125:17)
    at WebSocketConnection.checkIfReady (/app/node_modules/discord.js/src/client/websocket/WebSocketConnection.js:141:61)
    at ReadyHandler.handle (/app/node_modules/discord.js/src/client/websocket/packets/handlers/Ready.js:79:8)
    at WebSocketPacketManager.handle (/app/node_modules/discord.js/src/client/websocket/packets/WebSocketPacketManager.js:103:65)
    at WebSocketConnection.onPacket (/app/node_modules/discord.js/src/client/websocket/WebSocketConnection.js:333:35)
[07.05.2018 13:32:02] TypeError: guild.iconURL is not a function
    at Function.getGeneralData (/app/objects/serializer.js:70:25)
    at Function.serializeOldGuild (/app/objects/serializer.js:21:34)
    at Client.client.on (/app/copy.js:43:36)
    at emitNone (events.js:110:20)
    at Client.emit (events.js:207:7)
    at WebSocketConnection.triggerReady (/app/node_modules/discord.js/src/client/websocket/WebSocketConnection.js:125:17)
    at WebSocketConnection.checkIfReady (/app/node_modules/discord.js/src/client/websocket/WebSocketConnection.js:141:61)
    at ReadyHandler.handle (/app/node_modules/discord.js/src/client/websocket/packets/handlers/Ready.js:79:8)
    at WebSocketPacketManager.handle (/app/node_modules/discord.js/src/client/websocket/packets/WebSocketPacketManager.js:103:65)
    at WebSocketConnection.onPacket (/app/node_modules/discord.js/src/client/websocket/WebSocketConnection.js:333:35)
[07.05.2018 13:33:11] TypeError: guild.iconURL is not a function
    at Function.getGeneralData (/app/objects/serializer.js:70:25)
    at Function.serializeOldGuild (/app/objects/serializer.js:21:34)
    at Client.client.on (/app/copy.js:43:36)
    at emitNone (events.js:110:20)
    at Client.emit (events.js:207:7)
    at WebSocketConnection.triggerReady (/app/node_modules/discord.js/src/client/websocket/WebSocketConnection.js:125:17)
    at WebSocketConnection.checkIfReady (/app/node_modules/discord.js/src/client/websocket/WebSocketConnection.js:141:61)
    at ReadyHandler.handle (/app/node_modules/discord.js/src/client/websocket/packets/handlers/Ready.js:79:8)
    at WebSocketPacketManager.handle (/app/node_modules/discord.js/src/client/websocket/packets/WebSocketPacketManager.js:103:65)
    at WebSocketConnection.onPacket (/app/node_modules/discord.js/src/client/websocket/WebSocketConnection.js:333:35)
[07.05.2018 13:45:09] TypeError: guild.iconURL is not a function
    at Function.getGeneralData (/app/objects/serializer.js:70:25)
    at Function.serializeOldGuild (/app/objects/serializer.js:21:34)
    at Client.client.on (/app/copy.js:43:36)
    at emitNone (events.js:110:20)
    at Client.emit (events.js:207:7)
    at WebSocketConnection.triggerReady (/app/node_modules/discord.js/src/client/websocket/WebSocketConnection.js:125:17)
    at WebSocketConnection.checkIfReady (/app/node_modules/discord.js/src/client/websocket/WebSocketConnection.js:141:61)
    at ReadyHandler.handle (/app/node_modules/discord.js/src/client/websocket/packets/handlers/Ready.js:79:8)
    at WebSocketPacketManager.handle (/app/node_modules/discord.js/src/client/websocket/packets/WebSocketPacketManager.js:103:65)
    at WebSocketConnection.onPacket (/app/node_modules/discord.js/src/client/websocket/WebSocketConnection.js:333:35)
[07.05.2018 13:50:28] TypeError: guild.iconURL is not a function
    at Function.getGeneralData (/app/objects/serializer.js:70:25)
    at Function.serializeOldGuild (/app/objects/serializer.js:21:34)
    at Client.client.on (/app/copy.js:43:36)
    at emitNone (events.js:110:20)
    at Client.emit (events.js:207:7)
    at WebSocketConnection.triggerReady (/app/node_modules/discord.js/src/client/websocket/WebSocketConnection.js:125:17)
    at WebSocketConnection.checkIfReady (/app/node_modules/discord.js/src/client/websocket/WebSocketConnection.js:141:61)
    at ReadyHandler.handle (/app/node_modules/discord.js/src/client/websocket/packets/handlers/Ready.js:79:8)
    at WebSocketPacketManager.handle (/app/node_modules/discord.js/src/client/websocket/packets/WebSocketPacketManager.js:103:65)
    at WebSocketConnection.onPacket (/app/node_modules/discord.js/src/client/websocket/WebSocketConnection.js:333:35)
[07.05.2018 13:51:13] TypeError: Cannot read property 'bitfield' of undefined
    at permOverwritesCollection.map.pOver (/app/objects/serializer.js:153:43)
    at Map.map (/app/node_modules/discord.js/src/util/Collection.js:302:47)
    at textChannelCollection.map.tCh (/app/objects/serializer.js:150:59)
    at Map.map (/app/node_modules/discord.js/src/util/Collection.js:302:47)
    at Function.serializeTextChannels (/app/objects/serializer.js:148:49)
    at Function.serializeOldGuild (/app/objects/serializer.js:35:38)
    at Client.client.on (/app/copy.js:43:36)
    at emitNone (events.js:110:20)
    at Client.emit (events.js:207:7)
    at WebSocketConnection.triggerReady (/app/node_modules/discord.js/src/client/websocket/WebSocketConnection.js:125:17)
[07.05.2018 15:43:16] TypeError: guild.iconURL is not a function
    at Function.getGeneralData (/app/objects/serializer.js:70:25)
    at Function.serializeOldGuild (/app/objects/serializer.js:21:34)
    at Client.client.on (/app/copy.js:43:36)
    at emitNone (events.js:110:20)
    at Client.emit (events.js:207:7)
    at WebSocketConnection.triggerReady (/app/node_modules/discord.js/src/client/websocket/WebSocketConnection.js:125:17)
    at WebSocketConnection.checkIfReady (/app/node_modules/discord.js/src/client/websocket/WebSocketConnection.js:141:61)
    at ReadyHandler.handle (/app/node_modules/discord.js/src/client/websocket/packets/handlers/Ready.js:79:8)
    at WebSocketPacketManager.handle (/app/node_modules/discord.js/src/client/websocket/packets/WebSocketPacketManager.js:103:65)
    at WebSocketConnection.onPacket (/app/node_modules/discord.js/src/client/websocket/WebSocketConnection.js:333:35)
[07.05.2018 15:58:49] TypeError: guild.iconURL is not a function
    at Function.getGeneralData (/app/objects/serializer.js:70:25)
    at Function.serializeOldGuild (/app/objects/serializer.js:21:34)
    at Client.client.on (/app/copy.js:43:36)
    at emitNone (events.js:110:20)
    at Client.emit (events.js:207:7)
    at WebSocketConnection.triggerReady (/app/node_modules/discord.js/src/client/websocket/WebSocketConnection.js:125:17)
    at WebSocketConnection.checkIfReady (/app/node_modules/discord.js/src/client/websocket/WebSocketConnection.js:141:61)
    at ReadyHandler.handle (/app/node_modules/discord.js/src/client/websocket/packets/handlers/Ready.js:79:8)
    at WebSocketPacketManager.handle (/app/node_modules/discord.js/src/client/websocket/packets/WebSocketPacketManager.js:103:65)
    at WebSocketConnection.onPacket (/app/node_modules/discord.js/src/client/websocket/WebSocketConnection.js:333:35)
